<?xml version="1.0" encoding="UTF-8"?>
<testng-results ignored="0" total="1" passed="1" failed="0" skipped="0">
  <reporter-output>
  </reporter-output>
  <suite started-at="2025-09-29T01:38:04 IST" name="Page Object Model" finished-at="2025-09-29T01:38:24 IST" duration-ms="19743">
    <groups>
    </groups>
    <test started-at="2025-09-29T01:38:04 IST" name="Login Test" finished-at="2025-09-29T01:38:24 IST" duration-ms="19743">
      <class name="com.Ex2.testcases.LoginTest">
        <test-method signature="loginTest()[pri:0, instance:com.Ex2.testcases.LoginTest@4bd5849e]" started-at="2025-09-29T01:38:04 IST" name="loginTest" finished-at="2025-09-29T01:38:23 IST" duration-ms="19595" status="PASS">
          <reporter-output>
          </reporter-output>
        </test-method> <!-- loginTest -->
        <test-method is-config="true" signature="tearDown()[pri:0, instance:com.Ex2.testcases.LoginTest@4bd5849e]" started-at="2025-09-29T01:38:24 IST" name="tearDown" finished-at="2025-09-29T01:38:24 IST" duration-ms="117" status="PASS">
          <reporter-output>
          </reporter-output>
        </test-method> <!-- tearDown -->
      </class> <!-- com.Ex2.testcases.LoginTest -->
    </test> <!-- Login Test -->
  </suite> <!-- Page Object Model -->
</testng-results>
