<?xml version="1.0" encoding="UTF-8"?>
<testng-results ignored="0" total="1" passed="1" failed="0" skipped="0">
  <reporter-output>
  </reporter-output>
  <suite started-at="2025-09-29T10:30:45 IST" name="Page Object Model" finished-at="2025-09-29T10:32:21 IST" duration-ms="95874">
    <groups>
    </groups>
    <test started-at="2025-09-29T10:30:45 IST" name="Login Test" finished-at="2025-09-29T10:32:21 IST" duration-ms="95874">
      <class name="com.Ex2.testcases.LoginTest">
        <test-method signature="loginTest()[pri:0, instance:com.Ex2.testcases.LoginTest@23a918c7]" started-at="2025-09-29T10:30:45 IST" name="loginTest" finished-at="2025-09-29T10:32:20 IST" duration-ms="95694" status="PASS">
          <reporter-output>
          </reporter-output>
        </test-method> <!-- loginTest -->
        <test-method is-config="true" signature="tearDown()[pri:0, instance:com.Ex2.testcases.LoginTest@23a918c7]" started-at="2025-09-29T10:32:21 IST" name="tearDown" finished-at="2025-09-29T10:32:21 IST" duration-ms="232" status="PASS">
          <reporter-output>
          </reporter-output>
        </test-method> <!-- tearDown -->
      </class> <!-- com.Ex2.testcases.LoginTest -->
    </test> <!-- Login Test -->
  </suite> <!-- Page Object Model -->
</testng-results>
